<?xml version="1.0" encoding="UTF-8"?>
<!-- Generated by org.testng.reporters.JUnitReportReporter -->
<testsuite name="com.amazon.tests.Amazonweb" tests="1" time="0.485" ignored="0" failures="0" timestamp="18 Apr 2017 10:47:10 GMT" skipped="1" hostname="ICPL11529" errors="0">
  <testcase name="Scenario1" time="0.485" classname="com.amazon.tests.Amazonweb">
    <skipped/>
  </testcase> <!-- Scenario1 -->
</testsuite> <!-- com.amazon.tests.Amazonweb -->
