<?xml version="1.0" encoding="UTF-8"?>
<!-- Generated by org.testng.reporters.JUnitReportReporter -->
<testsuite name="com.qmetry.qaf.automation.step.client.Scenario" tests="1" time="27.951" ignored="0" failures="0" timestamp="11 Apr 2017 10:48:18 GMT" skipped="0" hostname="ICPL11529" errors="0">
  <testcase name="Scenario1" time="27.951" classname="com.qmetry.qaf.automation.step.client.Scenario"/>
</testsuite> <!-- com.qmetry.qaf.automation.step.client.Scenario -->
